2.875
1.167
1.171
2.387
0.102
1.127
0.525
1.714
2.788
0.297
0.815
0.912
0.707
5.867
1
1.073
3.59
3.982
8.75
0.897
0.48
7.519
0.09
2.331
0.255
2.395
0.818
2.292
0.754
7.34
25.781
3.697
0.424
0.608
1.004
1.212
2.229
1.507
0.173
1.272
1.168
8.05
0.92
1.12
0.393
1.119
0.061
0.143
0.45
1.5
4.268
0.914
0.263
0.595
3
8.639
1.922
2.26
16.156
10.314
347.25
2.079
0.449
5.605
0.435
3.943
1.445
1.603
1.099
0.11
2.045
7.389
21.449
3.13
2.954
0.211
2.263
0.248
2.151
0.234
0.297
6.751
4.033
1.455
0.345
1.048
0.169
2.423
0.278
0.306
1.146
0.032
4.657
2.122
0.769
0.75
1.542
3.259
1.863
1.773
3.962
3.725
351
0.392
0.454
1.751
3.455
1.778
2.684
2.555
2.676
0.248
8.107
5.809
29.242
1.196
51.267
3.515
3.298
0.652
0.286
0.489
0.319
0.385
0.285
4.136
0.761
0.293
0.14
3.294
3.125
3.545
2.783
0.541
1.763
0.936
2.556
1.143
0.58
10.577
0.929
3.167
1.075
1.586
217.667
2.52
2.217
4.785
4.193
0.542
3.33
4.62
0.396
5.878
6.17
6.093
28.511
2.612
2.204
2.453
3.439
1.731
1.85
0.544
8.032
1.29
1.068
1.248
0.009
0.342
0.59
2.232
0.327
2.188
0.721
2.769
0.467
2.85
5.85
1.189
2.571
0.292
1.071
0.458
2.822
4.241
376
4.587
0.454
4.775
1.055
4.451
0.076
0.531
0.403
0.345
2.876
4.34
24.301
3.916
1.077
4.994
0.8
1.862
0.88
2.401
1.295
2.087
1.402
2.62
2.345
0.115
1.9
2.085
0.058
0.146
2.235
0.194
0.158
1.054
1.741
0.184
2.214
1.75
1.047
0.909
17.19
9.742
303
0.553
1.124
1.776
2.742
0.914
2.274
4.833
3.761
5.787
6.779
1.475
34.358
4.817
4.286
4.526
1.327
2.498
1.164
1.212
0.688
2.452
2.521
3.761
1.898
0.369
1.101
1.114
0.367
0.293
0.872
0.27
0.75
0.344
0.033
0.719
1.368
1.333
0.6
1.815
5.186
5.305
196.75
5.5
0.062
7.413
0.326
2.455
1.69
0.621
0.23
1.239
2.176
0.693
22.766
7.056
2.495
39.373
0.4
0.571
2.213
2.683
0.302
3.758
4.054
4.5
0.987
3.627
13.974
4.816
1.938
11.304
25.5
3.889
10.2
16
8.263
7.611
1.889
14.375
6.524
2.909
2.552
2.743
110.333
1.768
9.308
2.449
9.091
7.136
0.04
4.865
5.41
5.153
5.268
41.595
24
7.96
234.689
4.395
2.934
0.389
0.527
5.38
5.233
2.294
1.895
7.527
2.283
9.419
9.694
5.029
3.842
12.524
20.625
13.444
0.684
9.818
5.29
6.385
7.208
23.529
4.923
2.136
9.889
0.378
16
0.9
0.19
5.042
1.098
2.62
2.614
0.423
3.378
0.011
3.857
5.83
27.641
1.258
4.329
15.545
0.555
4.536
0.636
0.457
2.135
2.207
1.038
5.492
5.743
8.524
24.348
5.342
4.217
12.032
17.143
15.875
2.783
7.095
7.152
2.69
5.077
55.538
6.4
3.067
16.917
3.392
224.571
0.148
0.89
0.967
1.956
5.564
3.196
1.018
7.102
5
10.571
7.468
31.786
45.224
0.167
4.647
0.154
5.926
2.5
1.529
1.426
1.609
0.156
13.561
4.929
13.465
18.5
12.346
8.625
7.52
24.538
15.25
9.194
6.167
12.476
7.08
9.28
41.381
12.714
6.333
12.467
16.265
205.8
1.193
5.723
0.392
6.308
13.043
7.439
7.404
9.185
7.533
3.659
11.267
22.478
3.182
7.735
46.136
2.245
1.444
0.602
0.805
2.833
2.115
1.649
1.253
11.056
9.827
20.436
3.688
45.586
8.083
12.133
11.722
2.364
6.781
10.194
2
1
28.5
39.3
5.4
14.467
3.113
124
0.072
1
6.64
2.029
1.16
0.556
4.49
12.158
3.5
15.565
12.875
7.778
1.25
31.385
4.6
2.079
1.808
0.333
0.976
1.071
0.387
1.235
7.442
284.333
4.769
9.286
10.625
7.731
11.577
20.478
9.25
2.96
8.35
10.28
3.216
7.105
44.333
7.333
8.455
2
41.325
79.75
1.597
3.615
4.867
3.035
2.4
2.056
0.744
0.786
47.409
39.125
21.769
38.125
3.444
4.278
8.667
3.686
5.119
1.292
0.284
3.253
4.104
0.579
8.514
2
15.128
22.194
15.556
5.677
6.41
20.294
17.154
10.684
7.519
6.75
6.065
9.682
54.273
6.909
16.8
6
36.681
69.4
6
2.955
7.036
2.043
2.462
1.588
0.636
88.6
27.111
12.818
32.286
36.4
11.2
10.25
163.6
0.526
3.776
1.709
1.7
1.082
0.481
0.446
3.492
2.065
17.354
22
11.2
9.609
13.743
17.885
12.4
0.5
8.5
11.077
4.688
9.714
33.522
54.625
6.8
1.118
33.31
103.167
7.867
7.667
9.583
0.7
2.294
1.667
0.333
26.714
12.923
71.75
15.333
7.8
24.833
3.867
3.947
0.45
1.842
2.465
3.618
0.366
0.482
2.054
2.653
3.059
8.865
19.103
5.087
7.5
7.8
20.6
19.364
11.652
9.808
10.762
8.538
11.368
36.81
13
1.273
3.125
45.429
210.4
4.718
7.429
6.143
1.647
0.545
5.571
7.8
98
18.4
1
140.75
165.111
14.5
8
35.909
11.825
2.814
3.844
7.133
4.161
2.73
2.723
34.152
0.767
14.273
25.455
15.143
9.435
57.595
21.778
14.333
3.3
8.35
5.704
3.548
17.25
48.462
12.714
9.571
7.7
10.383
344
1.667
337.667
13
8.471
14.385
18.8
8
78.25
35.4
31.5
12.562
36.857
14
40.8
8.286
2.383
1.516
1.671
1.222
1.019
3.565
1.477
6.448
2.235
11.566
21.444
13.333
4.074
14
20.2
7.75
4.5
11.043
9.95
11.538
13.471
58.2
10.667
0.8
1.692
12.362
212.25
1.394
6.05
7.062
13.45
1.091
8
9.333
47
20.19
22.917
12.385
82
4.5
9.533
12.167
1.216
3.111
1.639
0.17
1.291
3.111
2.677
1.327
3
23.759
28.2
15.84
61.308
0.588
7.083
10.344
58.778
15.071
9.571
5.529
3.385
69.357
29.111
155.643
69.139
324.8
206.909
167.667
1.6
21.435
9.688
14.8
1.176
10.9
10.875
1.167
10.455
95.5
30.2
37.333
34.444
4.301
35.91
3.187
2.747
5.581
11.855
4.286
6.22
3.971
13.474
22.923
7.5
4.889
7.667
19.481
11.923
5.417
8.333
6.238
6.686
3.87
70.75
73
4.5
9.125
1.125
309.667
36.4
2.5
9.312
8.316
23.818
0.571
0.727
8.75
19.8
47.667
133.714
35.333
49.2
30
42.667
2.583
5.019
2.18
1.327
0.33
2.444
3.415
4.45
0.424
11.098
17.578
6.8
1.9
15.64
16
16.429
9.722
10.632
13.4
6.385
10.176
45.1
4.778
14.375
2.571
11.106
306.75
3.483
7.25
14.2
24.889
26.28
6.167
6.467
62.6
68
62
75.4
140
29.4
5.889
6.556
1.353
2.373
2.034
1.442
1.392
3.645
2.093
4
3.933
11.717
19.318
10.625
0.769
6.219
16.846
11.923
5.933
7.036
11
13.613
8.375
23.5
5
38.5
21.409
0.023
371.4
18.833
7.308
3.938
11.2
20.696
15.2
21.25
78
138
33.125
277
223.5
66.2
13.667
9.714
17.046
8.155
3.88
1.527
0.293
2.626
4.585
3
2.579
13.64
22.824
12.036
4.905
10.531
18.08
5.429
10.8
12.609
12.208
6.903
12.375
58.353
21
3.375
15.667
5.114
297
4.5
9
26.154
8.5
22.208
2
8.429
75
54.429
9.5
228.333
180
310.667
77.25
45.2
1.205
1.66
1.5
0.892
0.202
3.5
0.186
0.467
0.062
13.46
20.846
13.87
8.84
12.364
22.958
13.5
11
14.429
11.125
56.765
14.947
34
42.667
3
1.222
7.175
326.5
4.091
4.75
32.929
4.182
20.333
15.25
22.75
71.143
8.909
2.286
0.5
105
63
8.471
21.571
4.197
4.347
4.378
0.74
0.879
1.616
3.787
1.455
5.385
15.585
27.297
11.25
4.581
4.735
20.714
4.375
9.9
9.955
11.031
6.857
20.353
39.941
8.529
7.25
8.067
9.352
29.625
9.667
6.333
34.8
8.667
16.7
4.8
30.5
73.583
9.875
42.25
156.167
82
14.333
115.2
4.167
0.66
0.333
0.169
0.615
1.555
2.573
1.426
4.677
2.667
15.545
24.548
5.63
4.714
13.195
20.417
17.636
3.667
13.706
9.719
11.385
19.062
59.4
1.889
2.8
2.077
9.222
269
14.8
17
13.273
16.444
32.6
2.333
2
216.8
109.222
12.167
7.6
58.667
9
22.375
5.429
0.255
3.836
1.633
0.176
0.071
1.49
2.758
6.254
4
10.368
22.44
6.727
0.875
6
16.321
16.471
4.333
11.577
7.469
6.733
8.75
31.636
14.5
6.2
13.769
5.094
315
0.167
3
35.667
16.158
2.333
14.8
6.812
227.833
97.714
54
117.5
73
11.5
5
13
0.574
2.392
1.108
0.628
0.516
2.578
1.155
9.79
7.143
9.543
25.655
6.652
4.645
10.724
1.12
2.571
10.933
9.056
10.719
7.516
14.5
60.143
56.2
55.25
13
13.029
363
2.364
151
10.333
1.25
2.556
0.333
14.158
192.667
20.333
62.25
76
53
62.667
63.333
28.333
5.378
0.864
0.743
2.835
2
2.364
0.145
2.545
2.621
14.265
26.931
4
7.81
6.977
16.069
18.263
9.824
9.667
15.652
12.125
14.158
40.615
3.571
9.375
1.625
0.841
311.286
13.667
12
9.846
25
18.381
15
27.25
164.2
118.5
44.25
57.6
44
4
23.1
52
2.471
5.407
0.271
0.408
0.64
1.382
3.071
0.286
6.679
14.914
21.361
7.929
1.737
8.061
17.684
15.846
8.875
11.294
10.76
10.324
12.273
18.571
8.2
15.5
4.7
7.761
353.2
131.167
15
55.333
8.684
3.389
133.667
7.273
247.25
331
20
167.25
165
8
26.667
231.25
10.396
4.948
2.51
0.582
1.019
0.714
0.764
0.826
16.463
11.719
10.139
1
8
3.375
0.769
1.15
6.6
3.786
1.778
0.25
0.808
59.684
6.9
1.786
9
20.312
11.453
19.787
8.127
9.051
4.187
2.971
2.846
60.01
53.363
14.214
7.761
5.507
44.9
15.374
21.078
5.043
67.348
5.762
1.243
12.295
13.391
10.095
8.208
50.721
20.947
17
13.2
0.042
6.083
3.571
0.25
1.579
5.538
2.81
260
2.667
6.783
64.1
12.333
0.75
21.071
26
18.2
18.899
7.551
11.379
3.796
4.293
1.14
2.153
37.267
22.835
119.415
282.312
19.532
4.89
21.352
21.249
60.253
7.901
5.992
11.764
9.698
2.582
1.008
12.453
15.864
19.281
15.35
2.276
9.92
5.824
3.412
1.815
3.4
4.833
3.273
4.312
2.267
22.308
13.222
15.688
18.773
29.292
9.098
26.192
13.541
18.069
3.628
1.21
3.878
0.936
19.17
36.529
10.917
206.273
14.361
31.654
32.881
37.707
52.959
5.259
2.559
11.008
9.355
4.15
3.739
7.231
23.5
15.964
5.826
0.588
10.045
5.286
2.5
0.538
0.812
7.364
8.571
4
4.48
0.533
61.923
57.5
82.062
5.556
14.377
4.863
8.847
12.323
0.779
0.2
3.252
2.025
26.701
28.492
19.897
36.907
53.69
10.366
35.265
29.274
46.878
4.367
4.008
10.274
9.636
5.996
5.473
18.204
23.826
21.727
17.828
4.391
5.85
7.375
1.067
3.786
5.611
8.556
2.5
4.067
2.333
8.933
75.118
44.737
21.571
7.034
10.25
0.16
16.956
15.083
2.438
4.813
4.283
5.568
18.87
4.68
19.585
16.412
36.828
6.309
15.701
53.705
45.746
5.574
6.592
12.199
10.626
4.345
4.398
33.083
13.286
17.757
8.818
3.04
7
2.929
2.933
0.562
2.812
10.357
3.625
3.286
5
2.562
61.857
29.208
10.3
21.375
15.897
3.924
2.058
12.138
1.151
1.398
4.576
0.034
6.974
28.491
49.75
9.947
64.543
9.383
13.795
22.766
38.033
3.583
7.357
9.144
8.03
2.196
4.925
5.105
2.875
1.167
1.171
2.387
0.102
1.127
0.525
1.714
2.788
0.297
0.815
0.912
0.707
5.867
1
1.073
3.59
3.982
8.75
0.897
0.48
7.519
0.09
2.331
0.255
2.395
0.818
2.292
0.754
7.34
25.781
3.697
0.424
0.608
1.004
1.212
2.229
1.507
0.173
1.272
1.168
8.05
0.92
1.12
0.393
1.119
0.061
0.143
0.45
1.5
4.268
0.914
0.263
0.595
3
8.639
1.922
2.26
16.156
10.314
347.25
2.079
0.449
5.605
0.435
3.943
1.445
1.603
1.099
0.11
2.045
7.389
21.449
3.13
2.954
0.211
2.263
0.248
2.151
0.234
0.297
6.751
4.033
1.455
0.345
1.048
0.169
2.423
0.278
0.306
1.146
0.032
4.657
2.122
0.769
0.75
1.542
3.259
1.863
1.773
3.962
3.725
351
0.392
0.454
1.751
3.455
1.778
2.684
2.555
2.676
0.248
8.107
5.809
29.242
1.196
51.267
3.515
3.298
0.652
0.286
0.489
0.319
0.385
0.285
4.136
0.761
0.293
0.14
3.294
3.125
3.545
2.783
0.541
1.763
0.936
2.556
1.143
0.58
10.577
0.929
3.167
1.075
1.586
217.667
2.52
2.217
4.785
4.193
0.542
3.33
4.62
0.396
5.878
6.17
6.093
28.511
2.612
2.204
2.453
3.439
1.731
1.85
0.544
8.032
1.29
1.068
1.248
0.009
0.342
0.59
2.232
0.327
2.188
0.721
2.769
0.467
2.85
5.85
1.189
2.571
0.292
1.071
0.458
2.822
4.241
376
4.587
0.454
4.775
1.055
4.451
0.076
0.531
0.403
0.345
2.876
4.34
24.301
3.916
1.077
4.994
0.8
1.862
0.88
2.401
1.295
2.087
1.402
2.62
2.345
0.115
1.9
2.085
0.058
0.146
2.235
0.194
0.158
1.054
1.741
0.184
2.214
1.75
1.047
0.909
17.19
9.742
303
0.553
1.124
1.776
2.742
0.914
2.274
4.833
3.761
5.787
6.779
1.475
34.358
4.817
4.286
4.526
1.327
2.498
1.164
1.212
0.688
2.452
2.521
3.761
1.898
0.369
1.101
1.114
0.367
0.293
0.872
0.27
0.75
0.344
0.033
0.719
1.368
1.333
0.6
1.815
5.186
5.305
196.75
5.5
0.062
7.413
0.326
2.455
1.69
0.621
0.23
1.239
2.176
0.693
22.766
7.056
2.495
39.373
0.4
0.571
2.213
2.683
0.302
3.758
4.054
4.5
0.987
3.627
13.974
4.816
1.938
11.304
25.5
3.889
10.2
16
8.263
7.611
1.889
14.375
6.524
2.909
2.552
2.743
110.333
1.768
9.308
2.449
9.091
7.136
0.04
4.865
5.41
5.153
5.268
41.595
24
7.96
234.689
4.395
2.934
0.389
0.527
5.38
5.233
2.294
1.895
7.527
2.283
9.419
9.694
5.029
3.842
12.524
20.625
13.444
0.684
9.818
5.29
6.385
7.208
23.529
4.923
2.136
9.889
0.378
16
0.9
0.19
5.042
1.098
2.62
2.614
0.423
3.378
0.011
3.857
5.83
27.641
1.258
4.329
15.545
0.555
4.536
0.636
0.457
2.135
2.207
1.038
5.492
5.743
8.524
24.348
5.342
4.217
12.032
17.143
15.875
2.783
7.095
7.152
2.69
5.077
55.538
6.4
3.067
16.917
3.392
224.571
0.148
0.89
0.967
1.956
5.564
3.196
1.018
7.102
5
10.571
7.468
31.786
45.224
0.167
4.647
0.154
5.926
2.5
1.529
1.426
1.609
0.156
13.561
4.929
13.465
18.5
12.346
8.625
7.52
24.538
15.25
9.194
6.167
12.476
7.08
9.28
41.381
12.714
6.333
12.467
16.265
205.8
1.193
5.723
0.392
6.308
13.043
7.439
7.404
9.185
7.533
3.659
11.267
22.478
3.182
7.735
46.136
2.245
1.444
0.602
0.805
2.833
2.115
1.649
1.253
11.056
9.827
20.436
3.688
45.586
8.083
12.133
11.722
2.364
6.781
10.194
2
1
28.5
39.3
5.4
14.467
3.113
124
0.072
1
6.64
2.029
1.16
0.556
4.49
12.158
3.5
15.565
12.875
7.778
1.25
31.385
4.6
2.079
1.808
0.333
0.976
1.071
0.387
1.235
7.442
284.333
4.769
9.286
10.625
7.731
11.577
20.478
9.25
2.96
8.35
10.28
3.216
7.105
44.333
7.333
8.455
2
41.325
79.75
1.597
3.615
4.867
3.035
2.4
2.056
0.744
0.786
47.409
39.125
21.769
38.125
3.444
4.278
8.667
3.686
5.119
1.292
0.284
3.253
4.104
0.579
8.514
2
15.128
22.194
15.556
5.677
6.41
20.294
17.154
10.684
7.519
6.75
6.065
9.682
54.273
6.909
16.8
6
36.681
69.4
6
2.955
7.036
2.043
2.462
1.588
0.636
88.6
27.111
12.818
32.286
36.4
11.2
10.25
163.6
0.526
3.776
1.709
1.7
1.082
0.481
0.446
3.492
2.065
17.354
22
11.2
9.609
13.743
17.885
12.4
0.5
8.5
11.077
4.688
9.714
33.522
54.625
6.8
1.118
33.31
103.167
7.867
7.667
9.583
0.7
2.294
1.667
0.333
26.714
12.923
71.75
15.333
7.8
24.833
3.867
3.947
0.45
1.842
2.465
3.618
0.366
0.482
2.054
2.653
3.059
8.865
19.103
5.087
7.5
7.8
20.6
19.364
11.652
9.808
10.762
8.538
11.368
36.81
13
1.273
3.125
45.429
210.4
4.718
7.429
6.143
1.647
0.545
5.571
7.8
98
18.4
1
140.75
165.111
14.5
8
35.909
11.825
2.814
3.844
7.133
4.161
2.73
2.723
34.152
0.767
14.273
25.455
15.143
9.435
57.595
21.778
14.333
3.3
8.35
5.704
3.548
17.25
48.462
12.714
9.571
7.7
10.383
344
1.667
337.667
13
8.471
14.385
18.8
8
78.25
35.4
31.5
12.562
36.857
14
40.8
8.286
2.383
1.516
1.671
1.222
1.019
3.565
1.477
6.448
2.235
11.566
21.444
13.333
4.074
14
20.2
7.75
4.5
11.043
9.95
11.538
13.471
58.2
10.667
0.8
1.692
12.362
212.25
1.394
6.05
7.062
13.45
1.091
8
9.333
47
20.19
22.917
12.385
82
4.5
9.533
12.167
1.216
3.111
1.639
0.17
1.291
3.111
2.677
1.327
3
9.48
20.759
9.2
59.16
7.308
10.588
17.083
58.656
15.222
11.071
7.571
5.529
59.615
8.357
11.111
0.643
14.139
359.8
1.909
107.667
17.4
15.435
13.688
2.2
2.824
9.1
14.875
11.167
10.455
8.5
113.8
8.333
4.444
2.699
1.09
0.813
0.253
0.419
2.855
2.286
6.78
3.971
13.474
22.923
7.5
4.889
7.667
19.481
11.923
5.417
8.333
6.238
6.686
3.87
70.75
73
4.5
9.125
1.125
309.667
36.4
2.5
9.312
8.316
23.818
0.571
0.727
8.75
19.8
47.667
133.714
35.333
49.2
30
42.667
2.583
5.019
2.18
1.327
0.33
2.444
3.415
4.45
0.424
11.098
17.578
6.8
1.9
15.64
16
16.429
9.722
10.632
13.4
6.385
10.176
45.1
4.778
14.375
2.571
11.106
306.75
3.483
7.25
14.2
24.889
26.28
6.167
6.467
62.6
68
62
75.4
140
29.4
5.889
6.556
1.353
2.373
2.034
1.442
1.392
3.645
2.093
4
3.933
11.717
19.318
10.625
0.769
6.219
16.846
11.923
5.933
7.036
11
13.613
8.375
23.5
5
38.5
21.409
0.023
371.4
18.833
7.308
3.938
11.2
20.696
15.2
21.25
78
138
33.125
277
223.5
66.2
13.667
9.714
17.046
8.155
3.88
1.527
0.293
2.626
4.585
3
2.579
13.64
22.824
12.036
4.905
10.531
18.08
5.429
10.8
12.609
12.208
6.903
12.375
58.353
21
3.375
15.667
5.114
297
4.5
9
26.154
8.5
22.208
2
8.429
75
54.429
9.5
228.333
180
310.667
77.25
45.2
1.205
1.66
1.5
0.892
0.202
3.5
0.186
0.467
0.062
13.46
20.846
13.87
8.84
12.364
22.958
13.5
11
14.429
11.125
56.765
14.947
34
42.667
3
1.222
7.175
326.5
4.091
4.75
32.929
4.182
20.333
15.25
22.75
71.143
8.909
2.286
0.5
105
63
8.471
21.571
4.197
4.347
4.378
0.74
0.879
1.616
3.787
1.455
5.385
15.585
27.297
11.25
4.581
4.735
20.714
4.375
9.9
9.955
11.031
6.857
20.353
39.941
8.529
7.25
8.067
9.352
29.625
9.667
6.333
34.8
8.667
16.7
4.8
30.5
73.583
9.875
42.25
156.167
82
14.333
115.2
4.167
0.66
0.333
0.169
0.615
1.555
2.573
1.426
4.677
2.667
15.545
24.548
5.63
4.714
13.195
20.417
17.636
3.667
13.706
9.719
11.385
19.062
59.4
1.889
2.8
2.077
9.222
269
14.8
17
13.273
16.444
32.6
2.333
2
216.8
109.222
12.167
7.6
58.667
9
22.375
5.429
0.255
3.836
1.633
0.176
0.071
1.49
2.758
6.254
4
10.368
22.44
6.727
0.875
6
16.321
16.471
4.333
11.577
7.469
6.733
8.75
31.636
14.5
6.2
13.769
5.094
315
0.167
3
35.667
16.158
2.333
14.8
6.812
227.833
97.714
54
117.5
73
11.5
5
13
0.574
2.392
1.108
0.628
0.516
2.578
1.155
9.79
7.143
9.543
25.655
6.652
4.645
10.724
1.12
2.571
10.933
9.056
10.719
7.516
14.5
60.143
56.2
55.25
13
13.029
363
2.364
151
10.333
1.25
2.556
0.333
14.158
192.667
20.333
62.25
76
53
62.667
63.333
28.333
5.378
0.864
0.743
2.835
2
2.364
0.145
2.545
2.621
14.265
26.931
4
7.81
6.977
16.069
18.263
9.824
9.667
15.652
12.125
14.158
40.615
3.571
9.375
1.625
0.841
311.286
13.667
12
9.846
25
18.381
15
27.25
164.2
118.5
44.25
57.6
44
4
23.1
52
2.471
5.407
0.271
0.408
0.64
1.382
3.071
0.286
6.679
14.914
21.361
7.929
1.737
8.061
17.684
15.846
8.875
11.294
10.76
10.324
12.273
18.571
8.2
15.5
4.7
7.761
353.2
131.167
15
55.333
8.684
3.389
133.667
7.273
247.25
331
20
167.25
165
8
26.667
231.25
10.396
4.948
2.51
0.582
1.019
0.714
0.764
0.826
