110.017
1.231
1.579
0.137
0.103
1.97
0.898
4.762
5.206
0.606
3
1.64
2.889
21.308
2.188
2.013
1.324
7.437
297
0.934
0.255
7.342
7.563
1.346
8.123
5.799
0.425
2.682
5.18
14.401
15.644
4.755
294.247
2.157
6.846
0.535
2.972
0.848
1.462
0.621
0.923
7.2
111.897
1.079
0.576
1.759
0.296
0.553
0.321
0.531
4.37
0.619
1.844
4.255
3.023
23.52
0.415
5.506
20.1
19.827
288.75
2.449
0.07
5.14
8.258
0.137
9.669
2.194
2.438
0.814
2.178
14.124
12.728
5.142
296.89
3.141
8.233
0.462
1.5
1.098
1.686
7.607
4.389
3.2
111.381
0.876
0.233
0.381
0.5
1.132
0.466
1.758
5.958
1.947
1.974
2.396
0.646
20.514
3
3.426
1.29
15.663
351
0.149
0.708
1.174
11.014
5.588
10.436
5.133
1.14
0.625
3.076
12.243
21.365
6.551
343.459
0.276
7.996
0.047
0.32
1.785
1.212
0.754
0.28
3.115
113.442
1.774
0.283
1.429
2.451
1.825
3.318
1.413
1.413
0.698
5
3.489
1.056
20.7
1.153
5.803
2.025
13.031
292
2.735
2.369
4.165
12.128
3.284
11.104
7.645
1.579
6.567
2.319
11
20.677
4.968
296.376
5.308
9.112
2.264
1.111
0.714
9.737
1.675
0.975
2.903
111.017
1.087
0.327
0.4
1.132
0.116
1.273
1.511
2.667
0.979
0.371
1.763
0.095
13
2.506
2.644
1.294
17
104.25
4.375
0.402
4.5
8.795
0.691
7.588
3.587
0.752
1.096
1.45
11.819
15.226
3.912
292.378
2.479
6.615
1.441
0.374
1.635
0.031
1.626
1.44
2.852
112.406
0.707
1.974
1.148
0.829
1.492
2.367
2.776
2.514
0.776
2.379
3.125
1.357
13.132
2.135
2.444
23.759
2.024
334.667
0.684
1.601
1.563
10.831
2.403
10.248
7.72
4.511
7.219
3.218
9.391
26.8
3.312
298.424
1.333
7.406
1.849
1.766
0.102
0.751
1.516
2.419
2.648
114.607
0.018
0.667
1.113
0.141
0.745
0.623
0.904
0.394
2.854
2.568
4.705
1.649
2.057
3.378
4.6
11.5
3.571
201.4
5.495
0.318
7.039
7.974
1.163
6.487
2.424
0.774
1.859
6.475
6.934
16.656
0.255
293.522
41.773
5.959
0.807
3.015
2.91
0.898
3.588
4.76
6.24
112.783
1.043
3.074
1.75
2.364
2.167
9
2.333
13.2
6.875
11.667
10.846
12.286
126.111
7.897
2.269
5.708
12.81
348
1.694
9.942
3.078
16.078
11.557
9.012
8.063
6.765
3.639
0.82
35.468
14.224
0.696
57.738
6.556
6.283
1.251
0.173
6.266
5.209
4.171
1.591
4.76
112.111
4.074
2.562
0.043
1.5
8.167
9.667
7.667
4.941
8.455
5.75
3.48
9.571
32.111
85
1.6
2.652
11.931
182.667
0.376
1.179
4.393
6.471
0.905
10.43
3.223
1.4
0.5
0.395
10.833
20.474
9.397
295.603
10.145
5.433
5.005
0.451
0.142
2.789
3.254
1.674
3.691
108.276
3
3.76
1.25
3.778
13.25
14.571
12.4
3.938
5.333
8
2.529
7.5
32.778
11
1.25
12
2.7
8.143
0.018
1.182
0.859
9.152
0.697
4.892
1.766
5.662
3.188
14.514
13.667
17.021
36.817
296.718
0.139
4.733
5.782
2.682
0.765
2.026
1.43
0.615
11.257
110.667
8.536
8.833
5
3.2
4.778
17.333
10.4
9.875
7.077
13.154
6.167
11.467
61.143
18.5
2.429
9.571
6.207
254.75
2.618
6.025
1.484
14.138
17.024
15.221
10.963
9.185
7.357
0.846
10.648
9.524
3.316
288.926
47.429
6.92
1.91
1.164
0.235
3.027
2.91
2.243
0.5
110.5
9.875
12.188
2.9
43.4
7.833
4.4
8.667
5.714
2.875
9.722
4.182
4.444
23.25
31
53
177.4
4.946
201
1.823
0.582
8.484
10.065
2.432
8.118
0.568
8.25
1.714
17.636
19.889
6.5
8.364
337.067
6.417
4.153
2.544
0.062
0.055
1.844
0.551
0.075
8.697
46.4
1.5
1.5
7
3.667
6.167
308.75
10.5
29.25
12.053
7.312
8.727
10.5
47.778
13
6
160.625
32.333
302.667
0.975
3.273
5.771
10.34
1.68
9.524
0.348
3.769
48.846
159.8
15.143
40.364
10.25
289.81
9.455
7.675
4.592
1.325
1.776
3.447
3.007
0.344
7.721
237.333
10.125
17.273
5
3.333
10.875
2
10.273
8.857
10.688
12.667
9.562
14.769
377
20
44
233
26.045
378.333
6.15
5.308
0.8
9.214
0.192
3.938
3.6
107.2
10.345
5.053
151.8
22.667
4.25
328.222
323
4.75
3.438
2.487
2.396
1.91
0.434
0.045
4.729
118.217
14.727
11.25
10.833
3.5
14
4
4
1.818
8.273
11.222
10.2
13.889
20.143
56.25
2.75
142
21
112
2.857
1.455
1.812
3.692
0.846
2
11
23.25
9.483
62.75
167.286
104.667
23.75
290
6.588
3.642
2.6
1.882
4.162
0.181
0.062
2.983
4.857
118.286
7.188
10.818
2.667
191.667
3
25.667
3
6
11.81
6.3
13.409
23.429
56.222
38
10.4
150
38.571
90.333
9.393
10.375
7.6
5
0.2
75.333
19.75
26.5
9.727
8.2
189
150.091
8.5
295.429
33.538
12.119
3.851
4.342
4.738
2.217
2.902
2.752
32.789
117.286
12.933
9.889
12
2
66.333
23
5.875
4.5
10.667
9
7.833
24.333
45.125
345
327
0.167
20.611
269
5.8
245.667
8
63.833
7.778
14
3.5
75.9
31.8
199
181.833
20.6
12
255
12.52
9.156
1.356
1.022
2.794
1.497
3
1.553
5.154
121.062
10.857
10
13.75
3
12
150.2
9.25
8.273
11.389
9.909
14.389
21.667
79.286
44.2
350.667
1.111
120.75
241.5
2.571
9.263
8.714
2.1
1.333
6
9.4
32.25
20
23.364
7.875
11
298
272.133
10.846
3.616
3.046
1.316
1.169
2.74
3.088
1.551
2.404
111.615
9.125
3.714
324
76.667
11.6
271
12.667
56.929
14.81
9.5
1.818
14.333
58.4
1
231
14.2
20.333
262
1.625
46
10.571
7.333
13.5
3
153
197.714
18.833
95.125
44.8
21.5
124
300.143
0.952
2.319
0.402
1.204
1.445
1.122
1.977
1.288
8.709
113.7
12.059
13.6
6.824
2.565
9.467
11.158
18.875
7.727
14.5
8.05
9.833
8.08
64.176
17.222
7.4
24.364
7.778
323.625
0.25
9.722
12.769
9.656
29.967
0.444
8.957
39.786
23.333
56
129.9
38.222
43.5
272
30.636
15.381
6.857
0.821
1.111
2.288
4.155
3.148
12.4
116.973
9.912
14.088
11.35
3.045
19
17.067
13.385
12.133
13
10.222
7.667
6.062
32.667
4.062
36.667
2.667
19.222
319.286
37.37
6.692
19.531
26.371
27.784
6
11.273
42.25
68.7
77.067
87.417
84.4
52.5
17.6
83.571
14.292
0.316
4.319
0.218
2
4.508
1.34
2.12
111.618
9.905
12.226
14.562
2.95
8.364
12.045
11.222
5
6.263
10.211
11.409
2
42.833
2.353
19.923
26.5
7.462
268
6.111
1.115
5
0.667
18.774
13.844
19.923
82.267
139.375
58.684
100
9.833
102.5
281.941
44.778
23.5
7.705
2.423
0.052
1.694
2.871
4.415
0.971
116.235
12.308
16.485
14.167
1.381
9.4
14.111
13.222
13.1
8.583
9.588
12.722
8.625
40.167
8.571
0.444
14.2
11.867
284.333
18.556
3.294
28.429
6.41
22.556
4.059
10.885
45.471
49.053
39.391
51.357
75.667
36
26.625
49.75
6.704
2.261
0.296
0.2
1.587
4.412
0.875
3.923
