3.978
3.519
3.273
1.718
0.389
0.5
3.296
2.905
1.944
0.083
0.8
0.917
1.938
9.56
1.026
0.219
3.844
5.722
329
1.136
0.477
8.353
0.362
4.25
0.538
1.518
1.69
2.049
0.486
7.866
26.297
3.256
0.872
0.222
1.347
2.024
1.963
0.881
0.808
2.444
1.414
10.125
4.538
0.333
103.667
0.667
1.5
2.125
3.333
3.111
7
9.4
14.25
285.4
7
6.571
1.1
1.231
3.4
69.167
0.571
1.936
0.707
0.396
1.413
1.312
0.041
2.315
4.973
0.17
7.589
7.25
19.312
1.848
1.347
0.452
2.431
0.92
0.132
0.524
0.815
1.167
1.533
0.429
11.6
6
121.667
1.444
1.294
2.8
1.5
2.2
248
13.75
1.667
10
6.75
0.182
1.2
0.5
4
11
2.613
2.746
0.574
0.236
1.231
0.305
1.406
2.964
2.933
0.638
0.521
8.8
25.833
0.796
4.458
0.059
3.226
1.843
0.468
0.486
0.36
3.75
0.125
0.535
3.167
108.143
7
11.571
2.571
234.9
350.667
141
4.333
18.333
8.222
1
237.6
3.25
9.071
4.75
0.222
1.375
1.031
4.347
3.837
5.153
4.282
5.458
2.967
3.304
9.079
5.295
4.2
11.205
23.412
3.404
2.254
0.543
2.135
1.875
0.5
0.146
0.484
1.95
2.5
2.093
1.7
236.75
3.286
1.75
1
205
11
314.667
10.375
14.333
10.4
9.857
13
3.111
2.091
2.5
1.9
1.286
0.091
3.318
2.956
3.407
3.87
4.238
3.398
2.726
5.869
4.755
8.226
12.383
21.522
2.851
3.69
0.01
0.041
3.36
0.351
0.333
0.654
3.773
1.579
0.767
4.375
294.6
84.5
10
1.462
0
1
4.778
253.333
14.333
2
100
8.8
64.348
0.667
2.133
1.182
7.375
1.513
0.244
0.539
2.837
1.725
1.448
0.506
1.928
1.899
2.133
2.449
7.019
27.818
2.886
4.43
0.817
2.146
1.78
0.194
1.973
2.889
2.944
1.16
0.872
