3.304
1.439
1.569
2.414
0.066
0.754
0.723
1.778
3.027
0.289
0.71
1.122
0.837
7.22
1.455
0.476
3.418
3.697
8.75
0.987
0.506
7.575
0.202
2.631
0.424
2.531
1.1
2.429
0.781
7.553
25.838
3.77
0.49
0.491
1.123
0.917
2.441
1.52
0.027
1.251
1.226
8.274
3.366
2.778
3.278
0.37
1.885
2.538
0.154
1.882
3.929
9.391
264
1.176
4.565
5.364
1.867
1
1.583
73.2
0.5
0.957
0.568
0.579
1.512
2.301
0.052
1.737
4.819
0.758
7.552
6.923
18.528
2.983
0.593
0.457
2.052
0.069
0.642
1.983
1.824
1.571
1.598
0.611
7
2.973
1.81
0.9
2.071
3
1.278
1.679
8.412
6.286
2.077
4.647
4.059
4.692
0.81
1.682
3.364
6.059
2.313
2.417
0.536
0.024
1.747
1.276
1.802
2.82
3.4
0.318
0.267
11.513
25
2.247
4.27
0.061
2.949
3.393
0.705
0.829
0.474
1.017
0.052
1.221
0.5
3
7.227
4.409
1.444
2.083
2
1.692
4.882
3.6
5.667
2.5
1.087
3.154
2.688
2.167
0.471
0.769
1.103
3.881
2.796
4.564
4.3
4.291
2.901
3.873
8.092
5.62
3.471
10.286
22.793
3.229
2.024
0.591
1.706
2.334
0.333
0.39
1.629
0.143
1.484
1.119
2.391
0.115
1.5
1.522
1.375
3.333
4.875
0.429
0.933
3.556
2.909
3.25
1.2
4.733
1.389
0.25
0.682
2.5
0.368
3.176
2.651
3.286
3.588
3.125
2.872
2.461
6.038
4.827
7.303
11.671
20.452
4.062
3.428
0.019
0.239
3.59
0.35
0.768
0.544
0.911
0.534
0.186
2.583
3.3
1.357
4.345
0
3.176
0.316
2
3.167
5.438
0.615
2.25
0.556
4.333
0.25
1.519
2.5
7.467
1.61
0.72
0.369
2.609
0.304
0.541
0.774
2.006
2.326
1.977
2.289
7.023
26.826
3.419
4.182
0.972
1.15
0.495
1.198
1.233
1.08
0.934
0.098
0.031
