110
1.517
1.793
0.218
0.053
1.889
0.842
4.944
4.344
0.548
2.5
1.565
2.262
24.517
1.561
2.293
1.403
7.143
297
1.004
0.245
7.452
7.574
1.419
8.178
5.541
0.013
2.907
5.16
14.451
15.909
4.782
294.527
2.199
6.778
0.477
2.788
1.246
1.192
0.536
0.977
7.061
111.913
0.953
0.592
1.838
0.7
0.577
0.269
0.28
4.047
0.846
1.767
4.057
2.85
30.037
0.323
5.147
19.985
19.25
288.75
2.508
0.093
5.202
8.446
0.018
9.712
2.178
2.281
0.76
2.305
14.284
12.719
5.156
297.365
3.042
8.361
0.851
1.358
1.166
1.086
7.699
4.842
3.408
111.145
1.065
0.009
0.464
0.494
1.108
0.623
1.672
5.404
1.98
2
1.936
0.976
23.645
2.87
3.417
1.206
15.421
186.333
0.235
0.695
1.29
11.233
5.647
10.37
5.166
0.884
0.6
2.97
12.29
21.404
6
343.139
0.111
7.918
0.246
0.427
1.928
0.968
0.789
0.362
3.072
113.419
1.58
0.275
1.272
2.842
1.7
3.254
1.237
0.091
0.667
4.174
3.475
1.229
21.778
0.892
6.243
0.744
12.633
294.5
2.67
2.375
4.357
12.352
3.438
11.21
7.627
1.549
6.716
2.259
11.241
21.017
4.96
296.134
4.971
8.862
2.446
1.134
0.856
9.609
1.591
0.921
3.058
111.026
0.322
0.168
0.272
0.779
0.032
1.264
1.936
2.386
2.182
0.324
1.571
0.375
16.792
2.162
2.946
0.866
17.275
104.25
4.387
0.481
4.565
8.951
0.627
7.59
3.495
0.584
1.276
1.445
11.833
15.304
3.979
292.298
2.87
6.474
1.554
0.103
2.013
0.179
2.178
1.536
2.879
111.188
0.011
2.542
1.158
0.2
1.582
2.121
2.591
1.314
0.854
2.097
2.462
1.278
15.833
2.157
2.924
23.442
1.6
334.667
0.749
1.644
1.648
10.857
2.484
10.243
7.689
4.619
7.318
3.269
9.266
27.456
3.132
298.99
1.755
7.064
1.831
1.741
0.046
0.441
1.535
1.788
2.726
113.854
0.624
1.102
1.324
0.838
0.723
0.169
0.725
0.111
3.167
2.528
4.537
1.355
0.121
1.222
5.568
10.973
3.317
363.667
5.614
0.305
7.059
8.064
1.135
6.492
2.259
0.702
1.668
6.64
6.944
17.821
0.188
293.147
42.342
5.528
0.846
3.552
3.301
0.828
3.723
4.787
6.406
111.946
1.562
3.464
1.964
0.733
2.167
0.667
6.556
9.75
8.7
10.667
5.947
11.846
121.154
10.406
1.84
3.615
11.64
247
1.633
9.611
2.849
15.932
11.399
9.173
8.011
6.713
3.899
0.704
35.69
14.192
1.206
59.282
4.079
6.05
1.05
0.322
5.629
5.135
3.753
1.902
3.217
111.327
5.515
2.839
3.519
1.188
5.625
5.5
7.385
3.955
7.769
4.737
6.944
8.545
44.455
8.667
0.692
1.25
11.353
172.75
0.253
1
4.635
6.565
0.874
10.329
3.014
1.937
0.432
0.597
10.638
21.051
9.22
295.706
11.325
5.52
4.992
0.835
0.058
2.85
3.08
1.718
5.046
108.303
4.6
4.033
2.889
4.429
15.667
14.375
13.267
3
5.462
6.647
1.565
4.909
30.588
2.875
1.188
10.25
3.976
9.8
0.439
0.851
0.824
9.136
0.716
4.78
1.557
5.917
4.121
14.451
13.524
18.674
37.424
296.862
2.258
4.697
5.676
2.098
0.53
1.67
1.339
0.599
11.013
110.344
9.537
12.25
12
1.4
10.1
7
10.8
5
7.714
10.526
7.778
10.261
43.947
22.692
1
12.091
6.243
257.5
2.571
6.031
1.107
14.188
17.15
15.259
10.553
12.281
9.581
0.53
11.395
9.783
2.723
289.576
47.672
6.959
1.702
1.183
0.02
3.155
3.229
2.053
0.123
110.897
8.667
11.364
3.1
43.222
8.667
8.2
8.75
1.333
3.895
9.048
5.441
3
222.222
23.333
1.571
18.273
5.392
273.333
1.655
0.505
8.069
9.707
2.822
8.5
0.568
9.348
1.471
20.07
21.227
6.059
2.364
337.667
4.703
4.988
2.417
0.923
0.935
1.878
0.465
0.01
5.241
20
2.462
1.5
23.25
3.538
8.364
23.25
9.81
1.111
12.65
8.136
6.632
7.471
47.778
5.286
8.6
160.625
32.514
302.667
3.686
3.27
6.029
10.033
1.987
8.978
0.372
3.25
48.519
159.8
20.5
37.273
9.667
290.15
6.673
8.551
4.647
1.507
1.626
3.686
3.178
0.053
8.868
22
11.682
15.75
9.857
1.75
7.625
17.25
9
11.273
6.4
11.091
9.885
12.8
52.889
6.429
73.667
4.143
27.222
378.333
5.364
4.8
0.895
6
0.24
3.188
2.143
10.625
13.382
7.957
53
29
4.25
329.375
21.375
6.105
4.102
1.729
2.966
1.957
0.472
0.326
3.453
119.389
15.207
13.81
8.909
5.929
15.4
4.4
9.667
1.389
8.567
11.12
8.5
12
49.545
7.857
7.25
18.167
22.613
112
3.733
1.5
0.25
3.267
0.308
1.167
7.6
21
10.034
42.333
25.077
21.5
16.167
290.407
6.407
4.103
2.267
2.924
4.573
0.239
0.004
3.021
2.182
116.867
6.424
10.667
3.444
0.222
6.5
19.167
17.167
12.833
10.12
7.533
12.367
13.8
52.611
45.875
0.375
148
36.821
90.333
10.483
10.062
7.556
7.769
2.846
4
20.2
29.75
10.571
8.833
351.2
150.091
8.5
293.7
32.423
13.077
2.98
3.362
3.956
2.181
3.471
3.591
33.25
119.5
12.75
15.455
12.222
2.4
60.143
21.667
7.714
3.5
9.706
7.412
5.571
19.643
50.588
0
1
0.25
20.875
256.8
4.619
0
8.154
0.286
8.786
10.333
4.056
75.353
33.111
15.75
182.857
20.833
12
252.111
10.421
9.565
1.308
1.343
2.946
1.962
2.943
1.423
8.398
119.639
11.167
11.211
15
3.231
12.909
150.2
10.778
7
11.095
8.429
12.64
16.143
62.333
32.533
1.667
6.6
21.727
273
1.962
9.8
5.143
1.267
1.429
6
3.917
201.75
15.333
24.25
14.8
82
298
274.667
11.571
3.835
2.861
1.076
1.684
2.318
3.451
2.333
1.107
114.5
8.733
9.889
8.6
64.455
6
0.5
9.333
55.727
13.179
6.059
5.217
12.364
63.667
28.429
3.167
0.625
21.848
342
2.375
42.429
12.333
6.167
16.4
3
2.917
14.083
18.75
94
178.5
19.2
100
294.75
1.077
2.32
0.604
1.397
1.792
1.043
1.92
1.532
8.03
113.517
12.094
7.417
5.778
0.333
6.583
4
12.615
5.048
8.267
8.348
10.655
9.158
73.222
15.8
5.5
10.867
9.515
279.4
1.2
1.25
9.071
11
19.278
46.143
3.1
10.833
9.4
1.5
263.125
19.333
48.5
275.917
42.278
3.641
4.588
2.453
2.089
2.082
2.409
2.898
5.143
118.674
7.767
8.677
4.25
0.625
15.917
6.667
16.8
12.654
11.067
11.526
13.28
9.929
35.083
73.9
7.5
7.529
20.143
324.333
2.444
15
6.429
17
28
173.667
10
50.667
68
41.8
63.133
140
292
284.286
19.08
5.121
1.252
1.79
1.67
1.85
3.164
1.141
2.729
113.25
11.15
9.556
5.375
1
4.118
5.727
7.471
7.333
7.429
5.045
13.212
8.133
65
7.5
40.25
14.611
9.512
38
6
7.375
65.5
1.25
22.125
43
15.727
25.857
202.2
44.667
81.167
292.333
100.2
281.633
10.545
22.216
8.459
4.588
0.263
0.565
2.408
4.5
3.096
118.953
11.742
13.957
8.182
3.636
10
17
13.923
10.1
13.524
12.65
10.971
3.938
57.6
56.111
6.625
4.308
14.857
292.667
4.75
169
30.333
3
20.25
10
14.6
46.2
22.667
313.091
48
180
325.75
289.8
40.333
3.978
2.868
2.159
1.824
1.423
3.298
0.112
1.056
