3.394
1.286
1.855
2.482
0.068
0.656
0.422
1.371
3.273
0.073
0.562
1.625
0.122
5.372
1.377
0.1
3.333
4.443
297
0.973
0.541
7.569
0.191
2.61
0.328
2.482
0.969
2.357
0.887
7.695
25.655
3.776
0.493
0.514
1.132
0.913
2.431
1.574
0.02
1.279
1.114
8.363
3.769
2.64
3.485
0.6
1.958
2.714
0.25
3.105
4.083
9.136
264
0.688
4.8
6.3
1.857
1.321
1.846
73.2
0.673
0.978
0.603
0.553
1.455
2.127
0.009
1.856
4.735
0.792
7.406
6.419
18.042
2.899
0.665
0.49
2.114
0.111
0.674
1.942
1.763
1.483
1.613
0.552
7.087
3
2.722
1.72
1.6
3.053
1.8
1.414
10.583
6.286
2.727
4.882
3.75
4.692
0.682
1.714
3.524
5.812
2.984
2.417
0.568
0.047
1.751
1.331
1.775
2.801
3.352
0.5
0.042
11.972
24.909
2.09
4.212
0.049
2.709
3.294
0.693
0.855
0.464
1.008
0
1.198
0.5
3.139
7.842
2.6
0.957
3.818
1.5
2
5.846
3.182
4
0.833
0.091
3.727
0.714
1.906
1.765
0.846
1.633
3.798
2.819
4.556
4.333
4.278
2.921
3.898
8.215
5.602
4.048
10.237
21.296
3.191
2.147
0.561
1.652
2.313
0.295
0.298
1.618
0.143
1.369
1.144
2.545
0.083
1.346
1.857
1.167
3.45
1.667
0.462
0.769
3.1
2
2.143
1.938
1.857
1.882
0.25
1
2.216
0.583
3.163
2.713
3.3
3.579
2.878
3.014
2.485
6.289
4.582
7.11
11.797
19.862
3.543
3.439
0.048
0.3
3.539
0.347
0.857
0.517
0.902
0.638
0.216
2.783
3.079
4
2.522
0
3.059
0.294
1.889
3.071
6.6
0.455
0.778
0.375
4.375
0.333
0.889
2.333
7.196
1.703
0.709
0.411
2.645
0.379
0.63
0.81
1.962
2.31
1.954
2.5
6.697
27.511
3.402
4.252
0.971
1.278
0.41
1.152
1.193
1.108
0.945
0.097
0.058
