3.342
2.017
1.589
2.761
0.304
0.205
1.95
2.154
4.769
0
0.13
2.087
1.522
2.581
0.778
1.229
3.128
3.825
12.4
1.027
0.064
6.716
0.229
2.184
0.291
2.241
0.973
1.432
0.711
7.394
25.9
3.644
0.755
0.692
0.814
1.273
2.197
1.599
0.047
1.291
0.807
8.025
1.656
1.308
0.453
0.093
3.026
1.175
0.842
1.542
2.692
0.944
0.367
0.52
3.235
6.406
3.036
2.261
16.237
9.473
341.25
2
0.541
4.553
0.19
3.515
2.033
1.516
1.56
0.093
1.03
7.661
22.914
1.675
3.109
0.549
2.243
0.42
1.909
0.295
0.337
6.69
4.246
1.594
0.985
1.516
1.093
1.849
0.829
0.2
0.348
1.778
4.714
2.172
1.571
1.542
1.704
6.741
0.611
0.75
4.103
2.615
351
0.757
0.279
0.463
3.357
1.526
2.981
2.414
2.365
0.326
7.985
5.5
31.308
0.25
51.506
3.311
3.83
0.663
0.311
0.498
0.403
0.395
0.016
4.379
1.672
0.19
1.431
2.453
2.811
2.541
4.8
0.737
2
0.138
3.208
0.32
0.235
9.087
1.522
1.78
1.7
1.787
217.667
2.906
2.514
3.884
3.953
0.34
3.613
4.825
0.035
5.97
5.272
6.833
31.031
1.017
2.36
2.876
3.504
1.589
1.736
0.303
8.062
1.143
1.232
1.065
1.145
0.949
1.241
0.286
1.444
1.1
1.963
0.826
0.789
3.588
2.083
1.967
2.704
1.955
0.963
0.333
1.615
1.864
376
4.61
0.157
3.432
0.801
3.958
0.593
0.361
0.424
0.413
3.031
4.985
24.361
4.258
1.212
5.073
0.782
1.763
0.586
2.408
1.229
2.349
1.134
2.48
2.083
0.725
0.052
0.226
0.696
0.033
4.227
1.647
0.762
1.105
4.333
1.227
1.68
2.571
0.179
0.171
19.34
10.408
107
0.185
1.136
1.089
2.46
0.525
2.447
4.531
3.165
5.39
4.802
1.49
37
2.204
4.463
4.458
1.139
2.765
1.402
0.982
0.587
2.575
2.544
4.128
2
0.458
0.852
0.42
1.571
0.583
0.375
0.792
1.524
1.294
0.571
0.815
4
10.381
3.056
0.467
4.311
6.6
199.4
5.772
0.256
6.974
0.152
2.788
1.496
0.944
0.317
0.379
2.856
0.857
24.355
7.465
2.444
38.846
0.602
0.622
2.416
2.681
0.407
4.266
3.553
3.783
0.692
0.486
14.222
3.842
2
4.75
33.2
5.6
13.5
14.8
9.75
2.6
9.429
1.2
9.75
2.263
1.107
0.067
121.5
2.075
9.84
3.626
8.928
7.219
0.129
5.94
5.656
3.108
4.175
41.436
21.333
6.649
234.09
6.452
3.067
0.26
2.603
8.596
9.579
6
2.667
7.829
4
7
9.647
0.385
6.154
15.6
10.5
12.4
1.375
9.857
2.556
12.571
8
20.8
86.6
0.25
3.286
1.2
81.333
1.333
0.744
4.518
0.85
2.436
3.203
0.555
4.205
1.028
4.105
6.98
37.938
6.125
1.837
14.514
0.373
4.691
0.377
0.509
1.718
3.031
4.944
6
6.938
4.889
19.533
3.059
3
13.429
16.867
15.214
0.615
9.75
7.833
0.889
0.667
30.1
7
2
12.1
5.231
219.25
0.95
1.279
1.297
2.119
5.355
3.714
1.859
8.642
7.276
11.574
7.579
24.833
39.792
4.593
3.222
0.346
5.529
2.895
2.278
2.933
1.222
9.75
16.821
7.917
17.765
15.643
10.769
8.25
5.125
21.5
16.4
0.556
4.5
12.333
7
10.056
41
82
1.7
12.778
18
190
1.947
5.33
1.133
6.935
13.589
7.09
6.971
11.481
2.458
1.167
13.941
24.222
1.632
6.921
48.5
1.87
3.167
1.742
0.515
4.615
3.588
0.167
5.967
3.375
8.706
19.385
0.417
44.667
10.2
10
10.583
9.889
4.417
10.538
4.6
4.667
109.6
46.333
5
173.5
9.125
117.714
0.644
0.561
6.073
2.267
1.135
0.467
3.653
17.444
2.294
20.167
11.25
17
18.857
32.75
67.25
0.444
0.484
0.154
0.645
3.111
2.636
5.364
6.842
284.333
3.545
20.833
4.6
6.091
8
22
9.714
0.364
13.455
7.643
2.75
7.308
19.111
10.2
7
6.75
42.667
86.2
4.516
3.269
4.742
2.725
2.738
0.97
3.857
2.533
43.32
0.533
42.857
62.167
10.571
3.769
132.25
2.286
6.211
1.136
0.409
3.944
2.722
1.333
7.788
1.667
14.091
19.9
10
0.2
0
22.286
10.25
8.714
10.286
4.625
10.4
13.062
26.286
11.143
11.111
234.667
37.6
69.75
1.727
0.778
3.926
4.125
0.958
1.55
1.6
18.286
16.167
16.952
46
140
61.875
25.5
165.833
220.125
3.724
2.091
1.964
2.667
1.593
7
1.419
2.273
14.357
21.118
15.333
10.125
10
20.625
11.375
5.75
8.833
15.333
4.944
11.75
30.875
73.125
119.4
143.167
34.8
111.8
7.8
7.455
7.467
1.375
3.571
27.8
3.077
28.833
15.96
36.556
13.333
51.667
14.833
4.263
18.5
24.667
1.737
0.158
3.3
0.526
2
4.143
4.857
0.5
5.238
17.933
10.625
8.143
0.25
19.429
21
10
16.545
11.4
5.857
9.833
42.6
81.778
8.4
15.625
46.6
130.4
2.739
7
12.846
0.889
2.857
10.733
17.889
162.833
12.545
24.714
130.75
202.556
17.2
13.889
140.4
13.125
3.652
7.636
10.846
2.444
7.643
0.462
35.045
9.25
14.412
26.3
14.5
8.583
59.125
20.556
18
6.714
11.222
10.75
8.692
10.643
10
0.125
1.857
159
10.85
344
1.45
337.667
9.333
8.143
7.222
3.545
13.133
85.545
39.188
30.214
14.667
59.25
255.667
32
54
2.429
2.263
0.333
0.062
0.667
0.2
3.556
6.571
3.308
8.059
17.286
15.5
2.833
12.429
18.5
19.444
9.375
15.143
12
15.333
17.583
57.25
16
5.3
18.429
12.692
191.857
2.522
1.222
7.727
15.833
6.7
10.2
9.091
35.8
20.682
17.667
16.381
35.727
65.667
23.125
119.8
3.5
4
3.375
0.238
1.688
4.1
2.833
0.577
1.056
8.3
20.905
9.286
64.3
10.556
12.222
18.889
64.25
18.5
7.333
1.154
16.778
126.333
41.6
4
20.167
15.278
304
70.143
113
14
15.75
5.75
0.6
3.5
18.083
12.929
16.867
8.455
66.8
88.286
16.667
1
4.292
1.25
0.036
1.292
5.25
2.75
127.143
5.931
0.417
12.182
24.625
5.857
3.2
3.167
22
15.1
4.312
11.3
1
8.385
8.765
75.25
62.143
2.8
154
2
294.625
29.429
3.4
10.25
5.429
20.545
9.4
3.364
40.5
42.667
46.643
138.286
154.667
25.556
70.2
52
8.444
5.444
6.19
1.043
1.429
0.8
1.688
4
2.6
11.176
18.067
6.556
1.111
13.571
19.143
12.167
10.667
15.833
10.75
10.533
7.9
80.4
1.2
3.143
4.5
9.923
296.5
6.389
329.667
11.545
32.429
12.167
14.5
4.643
37.167
89.625
71.545
72.067
79.333
15.333
39.375
14.9
1.286
1.926
1.115
0.5
4
2
2.778
3.933
5.667
10.091
18.647
10.778
1.5
9.286
15
14.091
4.625
8.571
5.875
11.538
5.3
52.8
4.9
34.545
22
8.286
365.167
1.75
4.571
331.143
0.5
15.4
11.5
7.889
29.571
230.75
34.643
140.583
32.125
121.889
22.6
53
17.118
9.053
1.529
0.905
2.143
5.615
116
1.593
1.231
12.25
19.059
13.5
6.111
1.167
18.455
3.5
5.75
11.5
10.889
6.8
9.333
59.857
40
1.6
10
7.917
295.8
0.75
15
14.625
5.7
9.385
12.727
6
49
127.2
25.429
56.529
81.286
13.875
68.833
43
0
1.375
2.455
1.348
2.312
2.6
3.857
1.091
1
10.417
14.9
13.545
8.667
9
15.375
19.462
9.833
20.125
11.917
56.917
13.556
32.667
73
68.5
6.364
5.5
318.6
5.786
330.667
28.375
45.429
17.556
6
25.25
17.833
2.4
3
6.75
67.4
229.75
10.6
78.333
3.235
3.385
5.357
1.227
1.75
1.267
1.1
3.786
8.429
14.368
24.357
14.714
3.75
7.5
21.889
7.25
11.125
15.714
9.091
10.615
16.769
41.571
164
1
14.7
9.2
24
17
88.2
35.5
11
8
3
35.812
78.625
68.875
39.818
61.455
39.833
15
43.286
68
1.75
0.696
4
0.652
2.636
1.818
2
2.308
2.364
21.176
21.5
11
2.143
1.375
29.4
18.75
16.333
20.556
11.8
14.529
12
51.714
4
18.875
8
6.737
198.75
2
58.5
18.778
24.222
24.143
89.2
3
196.5
137.2
10
4.273
120.333
8
43.333
335.667
2.833
5.059
2.625
0.069
0
0.571
100.6
6.458
8.8
10.125
22.143
17.889
0.545
0.875
16.182
16.875
8
12.545
7.385
6.444
10.769
25.143
16
4.538
10.071
5.769
314.25
32.778
3
32.4
22.8
10.333
1
16.6
229.444
95.6
29.667
116.154
111
47.143
8.286
19
0.125
2
0.588
1.706
0.938
2.286
0.5
9.105
4.067
10.167
23.105
13.364
3.923
13.143
8.143
1.5
15.833
13.889
12.111
8.417
13.818
29.167
69
6.909
32.25
11.571
370.333
11.75
-151
29.75
4.6
10.143
3.091
19.357
187.889
27.286
20.615
82.5
31.333
0.167
29.917
31.4
0.2
0.95
3.824
2.318
1.111
0.647
3.4
5.529
0.444
14.231
29.923
11.714
1.4
6.286
16.667
12.231
12.1
14
14.8
15.429
12.111
35.333
4
3.143
5.364
0.667
317.333
8
12
6.875
26.125
13.667
17.75
27.182
165.444
146.5
47.167
63.333
51.571
383
2
60.25
3
7.938
3
0.273
0.625
0.091
0.706
2
7.778
11.125
20.062
11.222
5.667
11.286
16.667
14.375
13
7.75
9.357
10.75
4.286
17.2
26
3.294
2.286
8.889
349
17.714
15
45.818
2.375
11.3
3.6
12.667
264.333
43.333
4.125
91.833
61.231
1.8
71
231.25
10.059
3.455
2.114
0.12
5.389
2.714
1.364
0.68
