3.18
0.122
0.571
2.379
0.386
0.808
1.182
2.74
3.667
0
1.396
0.786
0.79
7.639
1.132
0.542
3.828
2.624
280.5
0.795
0.277
7.406
0.24
2.817
0.318
1.863
1.399
2.119
0.197
7.395
25.836
3.923
1.057
0.48
1.062
1.309
2.146
1.44
0.032
1.419
0.973
8.094
2.016
0.455
0.197
0.286
0.423
0.12
1.533
1.389
4.317
0.018
0.226
0.367
3.134
11.828
1.581
2.625
15.8
9.528
336.375
1.907
0.41
5.495
0.013
4.097
1.254
1.966
0.624
0.086
1.764
7.647
22.081
2.879
2.468
0.532
2.314
0.276
2.024
0.195
0.481
6.601
4.378
1.789
1.768
0.375
0.636
2.038
0.176
0.277
1.736
1.085
4.386
2.6
0.725
0.984
1.961
4.977
1.595
1.652
4.69
2.762
200.5
0.491
0.403
1.821
2.743
1.409
3.093
2.39
3.28
1.07
7.964
5.771
29.779
1.355
51.148
3.553
4.414
0.505
0.364
0.365
0.151
0.583
0.05
4.178
2.008
1.554
1.031
2.715
3.417
2.608
2.411
0.358
2.621
1.041
2.566
0.97
0.947
13.415
0.358
3.452
2.473
1.388
285.667
2.706
2.312
4.791
3.421
0.851
3.436
4.656
0.104
5.959
5.797
5.956
28.364
2.293
2.213
2.994
3.605
1.566
1.94
0.602
8.123
1.165
0.989
1.126
0.079
0.867
0.359
1.294
0.329
1.68
2.097
2.275
0.386
2.477
4.424
0.618
1.759
2.641
1.016
0.595
2.302
3.146
297
4.921
0.509
4.708
0.491
4.553
0.235
0.624
0.453
0.283
3.193
4.362
24.583
3.895
1.391
5.009
0.695
1.728
0.611
2.354
1.294
2.37
1.203
2.69
1.829
1.032
1.325
0.661
0.304
0.284
4.597
0.413
0.185
1.103
2.578
0.115
1.914
5.933
0.477
0.373
17.5
9.625
107
0.353
1.326
2.112
2.54
1.166
2.162
4.802
3.041
5.527
6.419
1.769
35.27
4.6
3.971
4.528
1.499
2.659
1.324
1.259
0.731
2.738
2.461
4.313
0.587
0.493
0.765
0.856
0.264
0.014
1.184
0.769
0.295
0.523
0.87
0.26
1.733
10.638
0.56
0.447
4.19
5.788
200.857
6.131
0.403
7.01
0.342
3.154
1.56
0.834
0.458
0.425
2.552
0.662
23.447
7.444
3.047
40.078
0.338
0.666
2.402
2.692
0.588
4.092
3.808
4.74
2.373
5.697
17.12
8.359
1.146
10.619
22.143
5.158
8.952
16.476
9.915
7.936
5.156
3.955
9.368
0.022
4.237
1.971
342.857
1.398
8.901
2.422
7.854
6.014
0.652
4.817
4.46
4.432
5.672
41.342
23.757
6.682
234.817
4.5
2.835
0.571
0.676
6.527
5.669
3.228
1.474
6.759
2.634
12.402
16.791
7.213
5.318
12.289
18.8
8.828
2.429
9.29
6.113
7.521
8.706
45.045
4.148
3.705
9.983
0.367
85.778
1.512
0.619
5.1
1.309
3.47
3.199
0.686
4.141
2.057
3.685
6.209
39.4
2.875
3.293
15.459
1.67
4.591
1
0.256
2.444
2.168
1.114
7.081
5.866
9.893
21.232
7.558
6.564
12.446
16.957
14.769
3.137
8.933
6.89
0.829
5.518
34.41
3.84
2.04
12.278
3.594
219.654
0.214
0.934
0.741
1.934
6.369
2.512
2.451
9.446
7.375
11.811
7.35
35.222
43.829
3.151
5.333
0.636
5.403
1.533
0.977
1.067
2.318
0.232
11.16
4.732
16.758
20.191
13.761
10.34
9.269
23.775
11.489
5.893
6.488
10.434
7.269
9.393
39.484
14.542
5.818
13.098
16.67
206.37
0.22
5.473
1.571
4.83
11.893
6.722
6.805
12.489
8.583
2.978
11.614
24.939
3.836
7.636
46.061
2.506
0.824
0.514
0.301
3.153
2.41
1.981
0.083
11.44
10.991
20.363
4.029
44.231
9.013
10.545
10.509
0.736
5.917
9.093
3.253
0.246
26.31
34.842
0.111
11.353
3.91
120
1.363
0.453
4.44
1.296
2.703
0.64
6.068
11.289
3.524
19.043
15.36
12.579
15
33.167
6.057
5.27
2.373
0.851
0.193
1.51
0.277
0.885
4.171
286.429
7.76
20.75
12.407
7.175
10.417
19.796
8.932
2.169
10.604
9.758
4
7.373
41.607
12.64
4.115
4.676
41.775
83.438
0.528
0.33
7.063
0.117
6.533
1.553
3.8
1.706
36.891
42.44
46.062
45.211
7.4
1.129
9.519
5.6
4.266
0.357
0.929
3.583
4.588
0.498
10.616
4.091
15
21.011
13.7
4.861
5.818
22.714
13.58
10.867
8.692
6.447
7.53
10.107
35.906
9.136
9.8
20.871
36.827
66.048
5.18
1.258
7.621
4.124
6.237
2.754
3.652
56.154
24.27
19.61
53.333
51.2
57.389
6.8
23.3
4.414
2.977
0.284
1.827
1.708
0.051
0.48
1.873
2.587
16.821
22.673
14.419
9.038
14.226
20.246
7.537
0.745
8.591
11.309
4.617
11.155
34.571
8.278
9.773
11.812
34.202
107.9
6.949
7.826
9.638
3.596
4.282
0.25
0.538
27.083
18.857
40.741
14.355
48.312
21.917
3.63
6.37
2.733
1.646
3.143
3.834
0.217
0.586
2.204
0.709
2.52
8.433
19.858
9.507
7.04
8.022
21.975
18.073
11.327
11.5
10.316
7.613
14.419
39.286
20.316
1.618
0.031
46.125
212.733
2.675
2.873
10.612
2.952
6.026
11.611
59.6
32
136.095
128.238
136.52
170.25
15.941
11.526
32.37
11.529
2.265
4.72
7.081
5.023
3.68
3.693
40.029
1.455
15.35
24.807
14.432
9.5
55.582
22.698
15.205
2.163
10.175
6.672
6.28
14.556
49.519
1.273
11.886
6
10
218.5
2.364
0.143
14.441
8.887
17.162
5
12.145
85.704
72.154
29.382
13.943
41.75
14.615
43.286
5.638
3.517
2.186
2.342
1.786
1.193
3.615
2.432
10.167
0.777
12.09
21.161
12.03
4
13.889
20.25
14.062
5.08
12.277
9.776
11.595
14.173
57.636
10.229
2.579
1.375
12.358
200.7
5.24
1.276
10.921
17.131
3.518
3.615
9.049
85.444
19.878
25.154
15.789
36.647
12
25.571
14.574
0.436
3.323
0.215
0.376
0.792
3.272
3.783
0.298
2.648
10.411
20.673
7.761
59.731
6.764
12.087
15.9
60.338
16.04
10.088
5.158
9
58.7
4.743
3.868
0.39
13.375
299.235
5
0.871
18.789
15.122
19.125
1.8
3.942
13.69
15.457
1.448
1
13.615
106.667
15.086
0.264
2.768
0.656
2.667
1.031
0.357
2.828
2.353
5.663
4.165
13.384
22.306
5.553
4.153
6.065
19.87
12.423
4.41
10.886
5.518
7.65
5.063
71.783
73.321
2.161
11.459
0.214
300.533
3.179
9.64
10.783
10.547
32.492
1.641
2.821
16.882
28.04
53.024
135.059
150.818
23.64
32.235
10.969
0.365
4.906
1.804
1.115
0.168
2.733
4.188
8.107
0.873
10.944
18.818
8.571
2.267
16.481
17.154
11.605
10.432
11.55
11.629
7.338
8
53
1.348
2.308
2.789
10.95
302.4
4.388
2.818
17.044
27.115
29.841
10.085
7.923
50.174
66.9
68.931
72.08
39.6
22.727
1.7
26.556
2.775
1.405
1.811
0.698
1.255
3.702
2.21
1.544
5.32
11.869
19.432
10.803
1.22
6.213
16.429
10.229
5.238
8.333
8.831
13.276
8.588
66.636
3.909
36.025
21.733
0.216
368.278
2.259
1.191
5.545
2.333
20.637
16.239
19.288
32.684
140.308
55.792
100
33.833
114.105
3.471
22.417
16.598
8.656
3.312
1.026
1.429
3.428
5.807
0.963
1.303
14
23.745
13.841
5.316
10.357
19.593
4.578
10.794
10.833
11.469
8.71
9.105
40.707
22
2.514
12.306
5.637
292.7
3.974
1.575
25.051
7.952
25.144
9.6
8.75
47.5
55.5
27.259
53.545
87.875
22.5
66.2
0.571
3.404
0.686
0.073
1.011
0.232
3.958
0.666
4.073
0.488
13.757
21
13.627
9.353
12.475
22.403
13.644
7.125
16.764
11.811
56.364
14.553
32.488
42.265
4.724
4.523
6.839
323.842
3.558
3.727
34.896
8.434
23.798
14.833
25.517
21.577
3
0.88
2.478
63.062
108
10.7
31.6
3.859
4.587
3.752
0.58
1.727
2.166
4.466
3.602
6.192
15.531
27.626
11.011
3.337
6.165
22.19
4.472
7.915
10.082
11.468
7.526
20.04
40.925
9.78
7
10.8
9.195
18.957
13.316
4.475
36.627
11.857
22.398
4.222
35.203
75.913
10.273
43.259
61.824
40
21.381
73.556
11.3
3.684
0.152
1.019
0.741
1.804
2.906
2.143
8.167
1.667
17.54
22.267
9.697
6.569
12.338
17.633
17.304
3.237
15.047
9.435
13.849
17.447
57.517
3.458
16.735
0.656
8.814
206
10.837
14.667
19.818
19.624
37.044
2.167
2.887
195.207
109.121
33.72
3.095
128.444
71.583
40.333
3.064
0.537
4.498
1.562
0.162
0.359
3.208
3.003
4.161
2.25
11.533
25.256
10.863
0.87
6.053
16.091
14.887
4.46
11.157
7.86
6.882
9.388
28.52
13.222
4.658
12.571
5.379
312.958
4.194
3.062
38.717
21.614
1.583
3.195
11.123
208.059
96.448
35.577
117.571
105.667
10.5
5.92
19.303
2.19
2.506
1.957
0.447
0.847
2.66
1.968
8.47
6.809
9.157
25.121
10
5.44
11.672
1.39
3.92
12.7
9.592
10.833
8.583
13.536
28.033
60.5
16.206
12.227
12.941
382
13.297
20.529
20
5.446
1.315
2.78
13.254
185.769
23.826
3.897
80.393
21.667
3.3
34.406
27.921
6.991
1.455
0.539
3.458
1.554
2.084
0.326
4.08
3.086
15.409
29.584
6.779
6.175
7.779
15.862
14.627
9.222
11.704
14.759
12.429
17.059
40.207
3.424
8.44
4.488
1.211
317.684
3.828
12.051
12.984
24.692
21.876
10.5
27.75
160.68
110.8
44.885
60.588
10
48.385
5.545
2.52
0.2
4.698
0.673
0.412
0.428
1.539
2.959
2.748
6.46
14.455
19.94
8.105
3.148
9.393
18.367
13.385
10.269
9.804
10.333
11.571
11.822
19.419
2.333
15.667
1.435
8.044
351.615
106.579
0.25
52.833
8.787
3.417
2.9
1.486
225.667
37.966
6.217
90.421
58
2.538
80.429
47.455
11.92
5.484
0.785
0.808
0.928
0.578
0.566
2.204
